<?xml version="1.0" encoding="UTF-8"?>
<testng-results skipped="0" failed="0" ignored="0" total="12" passed="12">
  <reporter-output>
  </reporter-output>
  <suite name="Default suite" duration-ms="10276" started-at="2021-08-18T11:09:22 IST" finished-at="2021-08-18T11:09:33 IST">
    <groups>
    </groups>
    <test name="Default test" duration-ms="10276" started-at="2021-08-18T11:09:22 IST" finished-at="2021-08-18T11:09:33 IST">
      <class name="restassured.TestCases">
        <test-method status="PASS" signature="setUp()[pri:0, instance:restassured.TestCases@1d29cf23]" name="setUp" is-config="true" duration-ms="708" started-at="2021-08-18T11:09:22 IST" finished-at="2021-08-18T11:09:22 IST">
          <reporter-output>
          </reporter-output>
        </test-method> <!-- setUp -->
        <test-method status="PASS" signature="noAuthentication_createGist()[pri:0, instance:restassured.TestCases@1d29cf23]" name="noAuthentication_createGist" duration-ms="2772" started-at="2021-08-18T11:09:22 IST" finished-at="2021-08-18T11:09:25 IST">
          <reporter-output>
          </reporter-output>
        </test-method> <!-- noAuthentication_createGist -->
        <test-method status="PASS" signature="noAuthentication_deleteGist()[pri:0, instance:restassured.TestCases@1d29cf23]" name="noAuthentication_deleteGist" duration-ms="384" started-at="2021-08-18T11:09:25 IST" finished-at="2021-08-18T11:09:26 IST">
          <reporter-output>
          </reporter-output>
        </test-method> <!-- noAuthentication_deleteGist -->
        <test-method status="PASS" signature="noAuthentication_editGist()[pri:0, instance:restassured.TestCases@1d29cf23]" name="noAuthentication_editGist" duration-ms="346" started-at="2021-08-18T11:09:26 IST" finished-at="2021-08-18T11:09:26 IST">
          <reporter-output>
          </reporter-output>
        </test-method> <!-- noAuthentication_editGist -->
        <test-method status="PASS" signature="noAuthentication_rateLimit()[pri:0, instance:restassured.TestCases@1d29cf23]" name="noAuthentication_rateLimit" duration-ms="985" started-at="2021-08-18T11:09:26 IST" finished-at="2021-08-18T11:09:27 IST">
          <reporter-output>
          </reporter-output>
        </test-method> <!-- noAuthentication_rateLimit -->
        <test-method status="PASS" signature="noAuthentication_readGistsAll()[pri:0, instance:restassured.TestCases@1d29cf23]" name="noAuthentication_readGistsAll" duration-ms="1173" started-at="2021-08-18T11:09:27 IST" finished-at="2021-08-18T11:09:28 IST">
          <reporter-output>
          </reporter-output>
        </test-method> <!-- noAuthentication_readGistsAll -->
        <test-method status="PASS" signature="noAuthentication_readGistsSpecific()[pri:0, instance:restassured.TestCases@1d29cf23]" name="noAuthentication_readGistsSpecific" duration-ms="499" started-at="2021-08-18T11:09:28 IST" finished-at="2021-08-18T11:09:29 IST">
          <reporter-output>
          </reporter-output>
        </test-method> <!-- noAuthentication_readGistsSpecific -->
        <test-method status="PASS" signature="withAuthentication_createGist()[pri:0, instance:restassured.TestCases@1d29cf23]" name="withAuthentication_createGist" duration-ms="1014" started-at="2021-08-18T11:09:29 IST" finished-at="2021-08-18T11:09:30 IST">
          <reporter-output>
          </reporter-output>
        </test-method> <!-- withAuthentication_createGist -->
        <test-method status="PASS" signature="withAuthentication_rateLimit()[pri:0, instance:restassured.TestCases@1d29cf23]" name="withAuthentication_rateLimit" duration-ms="457" started-at="2021-08-18T11:09:30 IST" finished-at="2021-08-18T11:09:30 IST">
          <reporter-output>
          </reporter-output>
        </test-method> <!-- withAuthentication_rateLimit -->
        <test-method status="PASS" signature="withAuthentication_readGistsAll()[pri:0, instance:restassured.TestCases@1d29cf23]" name="withAuthentication_readGistsAll" duration-ms="536" started-at="2021-08-18T11:09:30 IST" finished-at="2021-08-18T11:09:31 IST">
          <reporter-output>
          </reporter-output>
        </test-method> <!-- withAuthentication_readGistsAll -->
        <test-method status="PASS" signature="withAuthentication_readGistsSpecific()[pri:1, instance:restassured.TestCases@1d29cf23]" name="withAuthentication_readGistsSpecific" duration-ms="557" started-at="2021-08-18T11:09:31 IST" finished-at="2021-08-18T11:09:31 IST">
          <reporter-output>
          </reporter-output>
        </test-method> <!-- withAuthentication_readGistsSpecific -->
        <test-method status="PASS" signature="withAuthentication_editGist()[pri:2, instance:restassured.TestCases@1d29cf23]" name="withAuthentication_editGist" duration-ms="806" started-at="2021-08-18T11:09:31 IST" finished-at="2021-08-18T11:09:32 IST">
          <reporter-output>
          </reporter-output>
        </test-method> <!-- withAuthentication_editGist -->
        <test-method status="PASS" signature="withAuthentication_deleteGist()[pri:3, instance:restassured.TestCases@1d29cf23]" name="withAuthentication_deleteGist" duration-ms="666" started-at="2021-08-18T11:09:32 IST" finished-at="2021-08-18T11:09:33 IST">
          <reporter-output>
          </reporter-output>
        </test-method> <!-- withAuthentication_deleteGist -->
      </class> <!-- restassured.TestCases -->
    </test> <!-- Default test -->
  </suite> <!-- Default suite -->
</testng-results>
